<?xml version="1.0" encoding="UTF-8" ?>
<testsuite errors="2" failures="1" hostname="jefersson-desktop" name="co.com.seguridog.K9PerformanceControllerSpec" tests="7" time="25.359" timestamp="2015-11-15T21:54:02">
  <properties />
  <testcase classname="co.com.seguridog.K9PerformanceControllerSpec" name="Test the index action returns the correct model" time="22.629" />
  <testcase classname="co.com.seguridog.K9PerformanceControllerSpec" name="Test the create action returns the correct model" time="0.38" />
  <testcase classname="co.com.seguridog.K9PerformanceControllerSpec" name="Test the save action correctly persists an instance" time="1.066">
    <error message="Cannot redirect for object [co.com.seguridog.K9Performance : (unsaved)] it is not a domain or has no identifier. Use an explicit redirect instead " type="org.codehaus.groovy.grails.web.servlet.mvc.exceptions.CannotRedirectException">org.codehaus.groovy.grails.web.servlet.mvc.exceptions.CannotRedirectException: Cannot redirect for object [co.com.seguridog.K9Performance : (unsaved)] it is not a domain or has no identifier. Use an explicit redirect instead 
	at org.grails.plugins.web.rest.api.ControllersRestApi.redirect(ControllersRestApi.groovy:53)
	at co.com.seguridog.K9PerformanceController._tt__save_closure9$_closure14(K9PerformanceController.groovy:42)
	at co.com.seguridog.K9PerformanceController.$tt__save(K9PerformanceController.groovy:39)
	at co.com.seguridog.K9PerformanceControllerSpec.Test the save action correctly persists an instance(K9PerformanceControllerSpec.groovy:53)
</error>
  </testcase>
  <testcase classname="co.com.seguridog.K9PerformanceControllerSpec" name="Test that the show action returns the correct model" time="0.106" />
  <testcase classname="co.com.seguridog.K9PerformanceControllerSpec" name="Test that the edit action returns the correct model" time="0.084" />
  <testcase classname="co.com.seguridog.K9PerformanceControllerSpec" name="Test the update action performs an update on a valid domain instance" time="0.738">
    <error message="Cannot get property &apos;id&apos; on null object" type="java.lang.NullPointerException">java.lang.NullPointerException: Cannot get property &apos;id&apos; on null object
	at co.com.seguridog.K9PerformanceControllerSpec.Test the update action performs an update on a valid domain instance(K9PerformanceControllerSpec.groovy:121)
</error>
  </testcase>
  <testcase classname="co.com.seguridog.K9PerformanceControllerSpec" name="Test that the delete action deletes an instance if it exists" time="0.158">
    <failure message="Condition not satisfied:&#xa;&#xa;K9Performance.count() == 1&#xa;              |       |&#xa;              0       false&#xa;" type="junit.framework.AssertionFailedError">junit.framework.AssertionFailedError: Condition not satisfied:

K9Performance.count() == 1
              |       |
              0       false

	at co.com.seguridog.K9PerformanceControllerSpec.Test that the delete action deletes an instance if it exists(K9PerformanceControllerSpec.groovy:141)
</failure>
  </testcase>
  <system-out><![CDATA[--Output from Test the index action returns the correct model--
--Output from Test the create action returns the correct model--
--Output from Test the save action correctly persists an instance--
--Output from Test that the show action returns the correct model--
--Output from Test that the edit action returns the correct model--
--Output from Test the update action performs an update on a valid domain instance--
--Output from Test that the delete action deletes an instance if it exists--
]]></system-out>
  <system-err><![CDATA[--Output from Test the index action returns the correct model--
--Output from Test the create action returns the correct model--
--Output from Test the save action correctly persists an instance--
--Output from Test that the show action returns the correct model--
--Output from Test that the edit action returns the correct model--
--Output from Test the update action performs an update on a valid domain instance--
--Output from Test that the delete action deletes an instance if it exists--
]]></system-err>
</testsuite>
